# JRE version: OpenJDK Runtime Environment (8.0_172-b11) (build 1.8.0_172-b11)
# Java VM: OpenJDK 64-Bit Server VM (25.172-b11 mixed mode linux-amd64 compressed oops)
Heap:
 PSYoungGen      total 626688K, used 313424K [0x00000000d7f00000, 0x0000000100000000, 0x0000000100000000)
  eden space 600064K, 48% used [0x00000000d7f00000,0x00000000e9bb5f40,0x00000000fc900000)
  from space 26624K, 82% used [0x00000000fc900000,0x00000000fde5e318,0x00000000fe300000)
  to   space 28672K, 0% used [0x00000000fe400000,0x00000000fe400000,0x0000000100000000)
 ParOldGen       total 204800K, used 57654K [0x0000000087c00000, 0x0000000094400000, 0x00000000d7f00000)
  object space 204800K, 28% used [0x0000000087c00000,0x000000008b44d998,0x0000000094400000)
 Metaspace       used 96019K, capacity 132490K, committed 132736K, reserved 1142784K
  class space    used 25852K, capacity 38464K, committed 38528K, reserved 1048576K
GC Heap History (10 events):
Event: 136,423 GC heap before
{Heap before GC invocations=19 (full 4):
 PSYoungGen      total 486400K, used 23233K [0x00000000d7f00000, 0x00000000fc980000, 0x0000000100000000)
  eden space 461312K, 0% used [0x00000000d7f00000,0x00000000d7f00000,0x00000000f4180000)
  from space 25088K, 92% used [0x00000000f4180000,0x00000000f5830520,0x00000000f5a00000)
  to   space 28160K, 0% used [0x00000000fae00000,0x00000000fae00000,0x00000000fc980000)
 ParOldGen       total 140800K, used 38556K [0x0000000087c00000, 0x0000000090580000, 0x00000000d7f00000)
  object space 140800K, 27% used [0x0000000087c00000,0x000000008a1a7388,0x0000000090580000)
 Metaspace       used 73757K, capacity 98448K, committed 98496K, reserved 1120256K
  class space    used 19183K, capacity 27859K, committed 27904K, reserved 1048576K
Event: 136,555 GC heap after
Heap after GC invocations=19 (full 4):
 PSYoungGen      total 486400K, used 0K [0x00000000d7f00000, 0x00000000fc980000, 0x0000000100000000)
  eden space 461312K, 0% used [0x00000000d7f00000,0x00000000d7f00000,0x00000000f4180000)
  from space 25088K, 0% used [0x00000000f4180000,0x00000000f4180000,0x00000000f5a00000)
  to   space 28160K, 0% used [0x00000000fae00000,0x00000000fae00000,0x00000000fc980000)
 ParOldGen       total 204800K, used 57622K [0x0000000087c00000, 0x0000000094400000, 0x00000000d7f00000)
  object space 204800K, 28% used [0x0000000087c00000,0x000000008b445998,0x0000000094400000)
 Metaspace       used 73757K, capacity 98448K, committed 98496K, reserved 1120256K
  class space    used 19183K, capacity 27859K, committed 27904K, reserved 1048576K
}
Event: 139,651 GC heap before
{Heap before GC invocations=20 (full 4):
 PSYoungGen      total 486400K, used 461312K [0x00000000d7f00000, 0x00000000fc980000, 0x0000000100000000)
  eden space 461312K, 100% used [0x00000000d7f00000,0x00000000f4180000,0x00000000f4180000)
  from space 25088K, 0% used [0x00000000f4180000,0x00000000f4180000,0x00000000f5a00000)
  to   space 28160K, 0% used [0x00000000fae00000,0x00000000fae00000,0x00000000fc980000)
 ParOldGen       total 204800K, used 57622K [0x0000000087c00000, 0x0000000094400000, 0x00000000d7f00000)
  object space 204800K, 28% used [0x0000000087c00000,0x000000008b445998,0x0000000094400000)
 Metaspace       used 83627K, capacity 112388K, committed 112640K, reserved 1130496K
  class space    used 22086K, capacity 32254K, committed 32256K, reserved 1048576K
Event: 139,662 GC heap after
Heap after GC invocations=20 (full 4):
 PSYoungGen      total 572928K, used 7794K [0x00000000d7f00000, 0x00000000fcb80000, 0x0000000100000000)
  eden space 544768K, 0% used [0x00000000d7f00000,0x00000000d7f00000,0x00000000f9300000)
  from space 28160K, 27% used [0x00000000fae00000,0x00000000fb59c9b8,0x00000000fc980000)
  to   space 27648K, 0% used [0x00000000f9300000,0x00000000f9300000,0x00000000fae00000)
 ParOldGen       total 204800K, used 57630K [0x0000000087c00000, 0x0000000094400000, 0x00000000d7f00000)
  object space 204800K, 28% used [0x0000000087c00000,0x000000008b447998,0x0000000094400000)
 Metaspace       used 83627K, capacity 112388K, committed 112640K, reserved 1130496K
  class space    used 22086K, capacity 32254K, committed 32256K, reserved 1048576K
}
Event: 140,485 GC heap before
{Heap before GC invocations=21 (full 4):
 PSYoungGen      total 572928K, used 552562K [0x00000000d7f00000, 0x00000000fcb80000, 0x0000000100000000)
  eden space 544768K, 100% used [0x00000000d7f00000,0x00000000f9300000,0x00000000f9300000)
  from space 28160K, 27% used [0x00000000fae00000,0x00000000fb59c9b8,0x00000000fc980000)
  to   space 27648K, 0% used [0x00000000f9300000,0x00000000f9300000,0x00000000fae00000)
 ParOldGen       total 204800K, used 57630K [0x0000000087c00000, 0x0000000094400000, 0x00000000d7f00000)
  object space 204800K, 28% used [0x0000000087c00000,0x000000008b447998,0x0000000094400000)
 Metaspace       used 84637K, capacity 113738K, committed 114048K, reserved 1130496K
  class space    used 22468K, capacity 32808K, committed 32896K, reserved 1048576K
Event: 140,508 GC heap after
Heap after GC invocations=21 (full 4):
 PSYoungGen      total 572416K, used 10956K [0x00000000d7f00000, 0x00000000ffc80000, 0x0000000100000000)
  eden space 544768K, 0% used [0x00000000d7f00000,0x00000000d7f00000,0x00000000f9300000)
  from space 27648K, 39% used [0x00000000f9300000,0x00000000f9db3030,0x00000000fae00000)
  to   space 26112K, 0% used [0x00000000fe300000,0x00000000fe300000,0x00000000ffc80000)
 ParOldGen       total 204800K, used 57638K [0x0000000087c00000, 0x0000000094400000, 0x00000000d7f00000)
  object space 204800K, 28% used [0x0000000087c00000,0x000000008b449998,0x0000000094400000)
 Metaspace       used 84637K, capacity 113738K, committed 114048K, reserved 1130496K
  class space    used 22468K, capacity 32808K, committed 32896K, reserved 1048576K
}
Event: 141,486 GC heap before
{Heap before GC invocations=22 (full 4):
 PSYoungGen      total 572416K, used 555724K [0x00000000d7f00000, 0x00000000ffc80000, 0x0000000100000000)
  eden space 544768K, 100% used [0x00000000d7f00000,0x00000000f9300000,0x00000000f9300000)
  from space 27648K, 39% used [0x00000000f9300000,0x00000000f9db3030,0x00000000fae00000)
  to   space 26112K, 0% used [0x00000000fe300000,0x00000000fe300000,0x00000000ffc80000)
 ParOldGen       total 204800K, used 57638K [0x0000000087c00000, 0x0000000094400000, 0x00000000d7f00000)
  object space 204800K, 28% used [0x0000000087c00000,0x000000008b449998,0x0000000094400000)
 Metaspace       used 86625K, capacity 117156K, committed 117376K, reserved 1132544K
  class space    used 23090K, capacity 33842K, committed 33920K, reserved 1048576K
Event: 141,509 GC heap after
Heap after GC invocations=22 (full 4):
 PSYoungGen      total 626176K, used 16966K [0x00000000d7f00000, 0x00000000fff80000, 0x0000000100000000)
  eden space 600064K, 0% used [0x00000000d7f00000,0x00000000d7f00000,0x00000000fc900000)
  from space 26112K, 64% used [0x00000000fe300000,0x00000000ff391b50,0x00000000ffc80000)
  to   space 26624K, 0% used [0x00000000fc900000,0x00000000fc900000,0x00000000fe300000)
 ParOldGen       total 204800K, used 57646K [0x0000000087c00000, 0x0000000094400000, 0x00000000d7f00000)
  object space 204800K, 28% used [0x0000000087c00000,0x000000008b44b998,0x0000000094400000)
 Metaspace       used 86625K, capacity 117156K, committed 117376K, reserved 1132544K
  class space    used 23090K, capacity 33842K, committed 33920K, reserved 1048576K
}
Event: 143,454 GC heap before
{Heap before GC invocations=23 (full 4):
 PSYoungGen      total 626176K, used 617030K [0x00000000d7f00000, 0x00000000fff80000, 0x0000000100000000)
  eden space 600064K, 100% used [0x00000000d7f00000,0x00000000fc900000,0x00000000fc900000)
  from space 26112K, 64% used [0x00000000fe300000,0x00000000ff391b50,0x00000000ffc80000)
  to   space 26624K, 0% used [0x00000000fc900000,0x00000000fc900000,0x00000000fe300000)
 ParOldGen       total 204800K, used 57646K [0x0000000087c00000, 0x0000000094400000, 0x00000000d7f00000)
  object space 204800K, 28% used [0x0000000087c00000,0x000000008b44b998,0x0000000094400000)
 Metaspace       used 91463K, capacity 125098K, committed 125184K, reserved 1138688K
  class space    used 24505K, capacity 36090K, committed 36096K, reserved 1048576K
Event: 143,479 GC heap after
Heap after GC invocations=23 (full 4):
 PSYoungGen      total 626688K, used 21880K [0x00000000d7f00000, 0x0000000100000000, 0x0000000100000000)
  eden space 600064K, 0% used [0x00000000d7f00000,0x00000000d7f00000,0x00000000fc900000)
  from space 26624K, 82% used [0x00000000fc900000,0x00000000fde5e318,0x00000000fe300000)
  to   space 28672K, 0% used [0x00000000fe400000,0x00000000fe400000,0x0000000100000000)
 ParOldGen       total 204800K, used 57654K [0x0000000087c00000, 0x0000000094400000, 0x00000000d7f00000)
  object space 204800K, 28% used [0x0000000087c00000,0x000000008b44d998,0x0000000094400000)
 Metaspace       used 91463K, capacity 125098K, committed 125184K, reserved 1138688K
  class space    used 24505K, capacity 36090K, committed 36096K, reserved 1048576K
}

