# JRE version: OpenJDK Runtime Environment (8.0_172-b11) (build 1.8.0_172-b11)
# Java VM: OpenJDK 64-Bit Server VM (25.172-b11 mixed mode linux-amd64 compressed oops)
Heap:
 PSYoungGen      total 617984K, used 569074K [0x00000000d7f00000, 0x0000000100000000, 0x0000000100000000)
  eden space 584192K, 93% used [0x00000000d7f00000,0x00000000f93cff28,0x00000000fb980000)
  from space 33792K, 69% used [0x00000000fb980000,0x00000000fd06cbd8,0x00000000fda80000)
  to   space 34816K, 0% used [0x00000000fde00000,0x00000000fde00000,0x0000000100000000)
 ParOldGen       total 207872K, used 70399K [0x0000000087c00000, 0x0000000094700000, 0x00000000d7f00000)
  object space 207872K, 33% used [0x0000000087c00000,0x000000008c0bfcb0,0x0000000094700000)
 Metaspace       used 99040K, capacity 136800K, committed 136960K, reserved 1146880K
  class space    used 26620K, capacity 39620K, committed 39680K, reserved 1048576K
GC Heap History (10 events):
Event: 148,212 GC heap before
{Heap before GC invocations=23 (full 4):
 PSYoungGen      total 588288K, used 23984K [0x00000000d7f00000, 0x0000000100000000, 0x0000000100000000)
  eden space 552448K, 0% used [0x00000000d7f00000,0x00000000d7f00000,0x00000000f9a80000)
  from space 35840K, 66% used [0x00000000f9a80000,0x00000000fb1ec128,0x00000000fbd80000)
  to   space 37376K, 0% used [0x00000000fdb80000,0x00000000fdb80000,0x0000000100000000)
 ParOldGen       total 125952K, used 67101K [0x0000000087c00000, 0x000000008f700000, 0x00000000d7f00000)
  object space 125952K, 53% used [0x0000000087c00000,0x000000008bd87560,0x000000008f700000)
 Metaspace       used 73302K, capacity 98478K, committed 98496K, reserved 1120256K
  class space    used 19276K, capacity 28028K, committed 28032K, reserved 1048576K
Event: 148,393 GC heap after
Heap after GC invocations=23 (full 4):
 PSYoungGen      total 588288K, used 0K [0x00000000d7f00000, 0x0000000100000000, 0x0000000100000000)
  eden space 552448K, 0% used [0x00000000d7f00000,0x00000000d7f00000,0x00000000f9a80000)
  from space 35840K, 0% used [0x00000000f9a80000,0x00000000f9a80000,0x00000000fbd80000)
  to   space 37376K, 0% used [0x00000000fdb80000,0x00000000fdb80000,0x0000000100000000)
 ParOldGen       total 207872K, used 70348K [0x0000000087c00000, 0x0000000094700000, 0x00000000d7f00000)
  object space 207872K, 33% used [0x0000000087c00000,0x000000008c0b3060,0x0000000094700000)
 Metaspace       used 73302K, capacity 98478K, committed 98496K, reserved 1120256K
  class space    used 19276K, capacity 28028K, committed 28032K, reserved 1048576K
}
Event: 151,866 GC heap before
{Heap before GC invocations=24 (full 4):
 PSYoungGen      total 588288K, used 552448K [0x00000000d7f00000, 0x0000000100000000, 0x0000000100000000)
  eden space 552448K, 100% used [0x00000000d7f00000,0x00000000f9a80000,0x00000000f9a80000)
  from space 35840K, 0% used [0x00000000f9a80000,0x00000000f9a80000,0x00000000fbd80000)
  to   space 37376K, 0% used [0x00000000fdb80000,0x00000000fdb80000,0x0000000100000000)
 ParOldGen       total 207872K, used 70348K [0x0000000087c00000, 0x0000000094700000, 0x00000000d7f00000)
  object space 207872K, 33% used [0x0000000087c00000,0x000000008c0b3060,0x0000000094700000)
 Metaspace       used 80945K, capacity 108084K, committed 108416K, reserved 1126400K
  class space    used 20916K, capacity 30515K, committed 30592K, reserved 1048576K
Event: 151,874 GC heap after
Heap after GC invocations=24 (full 4):
 PSYoungGen      total 619520K, used 7186K [0x00000000d7f00000, 0x00000000fff80000, 0x0000000100000000)
  eden space 582656K, 0% used [0x00000000d7f00000,0x00000000d7f00000,0x00000000fb800000)
  from space 36864K, 19% used [0x00000000fdb80000,0x00000000fe2848b0,0x00000000fff80000)
  to   space 36352K, 0% used [0x00000000fb800000,0x00000000fb800000,0x00000000fdb80000)
 ParOldGen       total 207872K, used 70375K [0x0000000087c00000, 0x0000000094700000, 0x00000000d7f00000)
  object space 207872K, 33% used [0x0000000087c00000,0x000000008c0b9cb0,0x0000000094700000)
 Metaspace       used 80945K, capacity 108084K, committed 108416K, reserved 1126400K
  class space    used 20916K, capacity 30515K, committed 30592K, reserved 1048576K
}
Event: 154,685 GC heap before
{Heap before GC invocations=25 (full 4):
 PSYoungGen      total 619520K, used 589842K [0x00000000d7f00000, 0x00000000fff80000, 0x0000000100000000)
  eden space 582656K, 100% used [0x00000000d7f00000,0x00000000fb800000,0x00000000fb800000)
  from space 36864K, 19% used [0x00000000fdb80000,0x00000000fe2848b0,0x00000000fff80000)
  to   space 36352K, 0% used [0x00000000fb800000,0x00000000fb800000,0x00000000fdb80000)
 ParOldGen       total 207872K, used 70375K [0x0000000087c00000, 0x0000000094700000, 0x00000000d7f00000)
  object space 207872K, 33% used [0x0000000087c00000,0x000000008c0b9cb0,0x0000000094700000)
 Metaspace       used 87635K, capacity 118076K, committed 118272K, reserved 1134592K
  class space    used 23235K, capacity 33996K, committed 34048K, reserved 1048576K
Event: 154,717 GC heap after
Heap after GC invocations=25 (full 4):
 PSYoungGen      total 598016K, used 15098K [0x00000000d7f00000, 0x00000000ffc80000, 0x0000000100000000)
  eden space 582656K, 0% used [0x00000000d7f00000,0x00000000d7f00000,0x00000000fb800000)
  from space 15360K, 98% used [0x00000000fb800000,0x00000000fc6beb70,0x00000000fc700000)
  to   space 34816K, 0% used [0x00000000fda80000,0x00000000fda80000,0x00000000ffc80000)
 ParOldGen       total 207872K, used 70383K [0x0000000087c00000, 0x0000000094700000, 0x00000000d7f00000)
  object space 207872K, 33% used [0x0000000087c00000,0x000000008c0bbcb0,0x0000000094700000)
 Metaspace       used 87635K, capacity 118076K, committed 118272K, reserved 1134592K
  class space    used 23235K, capacity 33996K, committed 34048K, reserved 1048576K
}
Event: 155,228 GC heap before
{Heap before GC invocations=26 (full 4):
 PSYoungGen      total 598016K, used 597754K [0x00000000d7f00000, 0x00000000ffc80000, 0x0000000100000000)
  eden space 582656K, 100% used [0x00000000d7f00000,0x00000000fb800000,0x00000000fb800000)
  from space 15360K, 98% used [0x00000000fb800000,0x00000000fc6beb70,0x00000000fc700000)
  to   space 34816K, 0% used [0x00000000fda80000,0x00000000fda80000,0x00000000ffc80000)
 ParOldGen       total 207872K, used 70383K [0x0000000087c00000, 0x0000000094700000, 0x00000000d7f00000)
  object space 207872K, 33% used [0x0000000087c00000,0x000000008c0bbcb0,0x0000000094700000)
 Metaspace       used 88028K, capacity 118680K, committed 118912K, reserved 1134592K
  class space    used 23340K, capacity 34144K, committed 34176K, reserved 1048576K
Event: 155,252 GC heap after
Heap after GC invocations=26 (full 4):
 PSYoungGen      total 619008K, used 17491K [0x00000000d7f00000, 0x0000000100000000, 0x0000000100000000)
  eden space 584192K, 0% used [0x00000000d7f00000,0x00000000d7f00000,0x00000000fb980000)
  from space 34816K, 50% used [0x00000000fda80000,0x00000000feb94e00,0x00000000ffc80000)
  to   space 33792K, 0% used [0x00000000fb980000,0x00000000fb980000,0x00000000fda80000)
 ParOldGen       total 207872K, used 70391K [0x0000000087c00000, 0x0000000094700000, 0x00000000d7f00000)
  object space 207872K, 33% used [0x0000000087c00000,0x000000008c0bdcb0,0x0000000094700000)
 Metaspace       used 88028K, capacity 118680K, committed 118912K, reserved 1134592K
  class space    used 23340K, capacity 34144K, committed 34176K, reserved 1048576K
}
Event: 157,012 GC heap before
{Heap before GC invocations=27 (full 4):
 PSYoungGen      total 619008K, used 601683K [0x00000000d7f00000, 0x0000000100000000, 0x0000000100000000)
  eden space 584192K, 100% used [0x00000000d7f00000,0x00000000fb980000,0x00000000fb980000)
  from space 34816K, 50% used [0x00000000fda80000,0x00000000feb94e00,0x00000000ffc80000)
  to   space 33792K, 0% used [0x00000000fb980000,0x00000000fb980000,0x00000000fda80000)
 ParOldGen       total 207872K, used 70391K [0x0000000087c00000, 0x0000000094700000, 0x00000000d7f00000)
  object space 207872K, 33% used [0x0000000087c00000,0x000000008c0bdcb0,0x0000000094700000)
 Metaspace       used 92402K, capacity 125464K, committed 125568K, reserved 1138688K
  class space    used 24628K, capacity 36123K, committed 36224K, reserved 1048576K
Event: 157,033 GC heap after
Heap after GC invocations=27 (full 4):
 PSYoungGen      total 617984K, used 23474K [0x00000000d7f00000, 0x0000000100000000, 0x0000000100000000)
  eden space 584192K, 0% used [0x00000000d7f00000,0x00000000d7f00000,0x00000000fb980000)
  from space 33792K, 69% used [0x00000000fb980000,0x00000000fd06cbd8,0x00000000fda80000)
  to   space 34816K, 0% used [0x00000000fde00000,0x00000000fde00000,0x0000000100000000)
 ParOldGen       total 207872K, used 70399K [0x0000000087c00000, 0x0000000094700000, 0x00000000d7f00000)
  object space 207872K, 33% used [0x0000000087c00000,0x000000008c0bfcb0,0x0000000094700000)
 Metaspace       used 92402K, capacity 125464K, committed 125568K, reserved 1138688K
  class space    used 24628K, capacity 36123K, committed 36224K, reserved 1048576K
}

