# JRE version: OpenJDK Runtime Environment (8.0_172-b11) (build 1.8.0_172-b11)
# Java VM: OpenJDK 64-Bit Server VM (25.172-b11 mixed mode linux-amd64 compressed oops)
Heap:
 PSYoungGen      total 561664K, used 112388K [0x00000000d7f00000, 0x0000000100000000, 0x0000000100000000)
  eden space 532480K, 15% used [0x00000000d7f00000,0x00000000dd151b80,0x00000000f8700000)
  from space 29184K, 96% used [0x00000000f8700000,0x00000000fa26f6b8,0x00000000fa380000)
  to   space 33280K, 0% used [0x00000000fdf80000,0x00000000fdf80000,0x0000000100000000)
 ParOldGen       total 230400K, used 60306K [0x0000000087c00000, 0x0000000095d00000, 0x00000000d7f00000)
  object space 230400K, 26% used [0x0000000087c00000,0x000000008b6e4b08,0x0000000095d00000)
 Metaspace       used 96750K, capacity 133058K, committed 133184K, reserved 1144832K
  class space    used 25927K, capacity 38498K, committed 38528K, reserved 1048576K
GC Heap History (10 events):
Event: 236,561 GC heap before
{Heap before GC invocations=21 (full 4):
 PSYoungGen      total 458240K, used 435156K [0x00000000d7f00000, 0x00000000f5b80000, 0x0000000100000000)
  eden space 430592K, 100% used [0x00000000d7f00000,0x00000000f2380000,0x00000000f2380000)
  from space 27648K, 16% used [0x00000000f3e80000,0x00000000f42f53d0,0x00000000f5980000)
  to   space 27648K, 0% used [0x00000000f2380000,0x00000000f2380000,0x00000000f3e80000)
 ParOldGen       total 230400K, used 60255K [0x0000000087c00000, 0x0000000095d00000, 0x00000000d7f00000)
  object space 230400K, 26% used [0x0000000087c00000,0x000000008b6d7eb8,0x0000000095d00000)
 Metaspace       used 84199K, capacity 112686K, committed 112832K, reserved 1130496K
  class space    used 22091K, capacity 32146K, committed 32256K, reserved 1048576K
Event: 236,576 GC heap after
Heap after GC invocations=21 (full 4):
 PSYoungGen      total 458240K, used 11571K [0x00000000d7f00000, 0x00000000f7900000, 0x0000000100000000)
  eden space 430592K, 0% used [0x00000000d7f00000,0x00000000d7f00000,0x00000000f2380000)
  from space 27648K, 41% used [0x00000000f2380000,0x00000000f2eccf18,0x00000000f3e80000)
  to   space 26112K, 0% used [0x00000000f5f80000,0x00000000f5f80000,0x00000000f7900000)
 ParOldGen       total 230400K, used 60274K [0x0000000087c00000, 0x0000000095d00000, 0x00000000d7f00000)
  object space 230400K, 26% used [0x0000000087c00000,0x000000008b6dcb08,0x0000000095d00000)
 Metaspace       used 84199K, capacity 112686K, committed 112832K, reserved 1130496K
  class space    used 22091K, capacity 32146K, committed 32256K, reserved 1048576K
}
Event: 237,241 GC heap before
{Heap before GC invocations=22 (full 4):
 PSYoungGen      total 458240K, used 442163K [0x00000000d7f00000, 0x00000000f7900000, 0x0000000100000000)
  eden space 430592K, 100% used [0x00000000d7f00000,0x00000000f2380000,0x00000000f2380000)
  from space 27648K, 41% used [0x00000000f2380000,0x00000000f2eccf18,0x00000000f3e80000)
  to   space 26112K, 0% used [0x00000000f5f80000,0x00000000f5f80000,0x00000000f7900000)
 ParOldGen       total 230400K, used 60274K [0x0000000087c00000, 0x0000000095d00000, 0x00000000d7f00000)
  object space 230400K, 26% used [0x0000000087c00000,0x000000008b6dcb08,0x0000000095d00000)
 Metaspace       used 85364K, capacity 114406K, committed 114496K, reserved 1130496K
  class space    used 22543K, capacity 32874K, committed 32896K, reserved 1048576K
Event: 237,254 GC heap after
Heap after GC invocations=22 (full 4):
 PSYoungGen      total 492032K, used 14477K [0x00000000d7f00000, 0x00000000f8280000, 0x0000000100000000)
  eden space 465920K, 0% used [0x00000000d7f00000,0x00000000d7f00000,0x00000000f4600000)
  from space 26112K, 55% used [0x00000000f5f80000,0x00000000f6da3618,0x00000000f7900000)
  to   space 26112K, 0% used [0x00000000f4600000,0x00000000f4600000,0x00000000f5f80000)
 ParOldGen       total 230400K, used 60282K [0x0000000087c00000, 0x0000000095d00000, 0x00000000d7f00000)
  object space 230400K, 26% used [0x0000000087c00000,0x000000008b6deb08,0x0000000095d00000)
 Metaspace       used 85364K, capacity 114406K, committed 114496K, reserved 1130496K
  class space    used 22543K, capacity 32874K, committed 32896K, reserved 1048576K
}
Event: 237,745 GC heap before
{Heap before GC invocations=23 (full 4):
 PSYoungGen      total 492032K, used 480397K [0x00000000d7f00000, 0x00000000f8280000, 0x0000000100000000)
  eden space 465920K, 100% used [0x00000000d7f00000,0x00000000f4600000,0x00000000f4600000)
  from space 26112K, 55% used [0x00000000f5f80000,0x00000000f6da3618,0x00000000f7900000)
  to   space 26112K, 0% used [0x00000000f4600000,0x00000000f4600000,0x00000000f5f80000)
 ParOldGen       total 230400K, used 60282K [0x0000000087c00000, 0x0000000095d00000, 0x00000000d7f00000)
  object space 230400K, 26% used [0x0000000087c00000,0x000000008b6deb08,0x0000000095d00000)
 Metaspace       used 86135K, capacity 115762K, committed 115904K, reserved 1132544K
  class space    used 22795K, capacity 33266K, committed 33280K, reserved 1048576K
Event: 237,766 GC heap after
Heap after GC invocations=23 (full 4):
 PSYoungGen      total 492032K, used 17943K [0x00000000d7f00000, 0x00000000fbd80000, 0x0000000100000000)
  eden space 465920K, 0% used [0x00000000d7f00000,0x00000000d7f00000,0x00000000f4600000)
  from space 26112K, 68% used [0x00000000f4600000,0x00000000f5785d18,0x00000000f5f80000)
  to   space 26624K, 0% used [0x00000000fa380000,0x00000000fa380000,0x00000000fbd80000)
 ParOldGen       total 230400K, used 60290K [0x0000000087c00000, 0x0000000095d00000, 0x00000000d7f00000)
  object space 230400K, 26% used [0x0000000087c00000,0x000000008b6e0b08,0x0000000095d00000)
 Metaspace       used 86135K, capacity 115762K, committed 115904K, reserved 1132544K
  class space    used 22795K, capacity 33266K, committed 33280K, reserved 1048576K
}
Event: 238,924 GC heap before
{Heap before GC invocations=24 (full 4):
 PSYoungGen      total 492032K, used 483863K [0x00000000d7f00000, 0x00000000fbd80000, 0x0000000100000000)
  eden space 465920K, 100% used [0x00000000d7f00000,0x00000000f4600000,0x00000000f4600000)
  from space 26112K, 68% used [0x00000000f4600000,0x00000000f5785d18,0x00000000f5f80000)
  to   space 26624K, 0% used [0x00000000fa380000,0x00000000fa380000,0x00000000fbd80000)
 ParOldGen       total 230400K, used 60290K [0x0000000087c00000, 0x0000000095d00000, 0x00000000d7f00000)
  object space 230400K, 26% used [0x0000000087c00000,0x000000008b6e0b08,0x0000000095d00000)
 Metaspace       used 89837K, capacity 121464K, committed 121664K, reserved 1136640K
  class space    used 23856K, capacity 34927K, committed 34944K, reserved 1048576K
Event: 238,945 GC heap after
Heap after GC invocations=24 (full 4):
 PSYoungGen      total 559104K, used 22353K [0x00000000d7f00000, 0x00000000fc200000, 0x0000000100000000)
  eden space 532480K, 0% used [0x00000000d7f00000,0x00000000d7f00000,0x00000000f8700000)
  from space 26624K, 83% used [0x00000000fa380000,0x00000000fb954708,0x00000000fbd80000)
  to   space 29184K, 0% used [0x00000000f8700000,0x00000000f8700000,0x00000000fa380000)
 ParOldGen       total 230400K, used 60298K [0x0000000087c00000, 0x0000000095d00000, 0x00000000d7f00000)
  object space 230400K, 26% used [0x0000000087c00000,0x000000008b6e2b08,0x0000000095d00000)
 Metaspace       used 89837K, capacity 121464K, committed 121664K, reserved 1136640K
  class space    used 23856K, capacity 34927K, committed 34944K, reserved 1048576K
}
Event: 240,507 GC heap before
{Heap before GC invocations=25 (full 4):
 PSYoungGen      total 559104K, used 554833K [0x00000000d7f00000, 0x00000000fc200000, 0x0000000100000000)
  eden space 532480K, 100% used [0x00000000d7f00000,0x00000000f8700000,0x00000000f8700000)
  from space 26624K, 83% used [0x00000000fa380000,0x00000000fb954708,0x00000000fbd80000)
  to   space 29184K, 0% used [0x00000000f8700000,0x00000000f8700000,0x00000000fa380000)
 ParOldGen       total 230400K, used 60298K [0x0000000087c00000, 0x0000000095d00000, 0x00000000d7f00000)
  object space 230400K, 26% used [0x0000000087c00000,0x000000008b6e2b08,0x0000000095d00000)
 Metaspace       used 95969K, capacity 131886K, committed 132032K, reserved 1142784K
  class space    used 25682K, capacity 38111K, committed 38144K, reserved 1048576K
Event: 240,533 GC heap after
Heap after GC invocations=25 (full 4):
 PSYoungGen      total 561664K, used 28093K [0x00000000d7f00000, 0x0000000100000000, 0x0000000100000000)
  eden space 532480K, 0% used [0x00000000d7f00000,0x00000000d7f00000,0x00000000f8700000)
  from space 29184K, 96% used [0x00000000f8700000,0x00000000fa26f6b8,0x00000000fa380000)
  to   space 33280K, 0% used [0x00000000fdf80000,0x00000000fdf80000,0x0000000100000000)
 ParOldGen       total 230400K, used 60306K [0x0000000087c00000, 0x0000000095d00000, 0x00000000d7f00000)
  object space 230400K, 26% used [0x0000000087c00000,0x000000008b6e4b08,0x0000000095d00000)
 Metaspace       used 95969K, capacity 131886K, committed 132032K, reserved 1142784K
  class space    used 25682K, capacity 38111K, committed 38144K, reserved 1048576K
}

